<?xml version="1.0" encoding="UTF-8"?>
<testsuite name="com.utility.expensetracker.feature.splash.presentation.SplashViewModelTest" tests="10" skipped="1" failures="0" errors="0" timestamp="2026-04-30T07:35:13.982Z" hostname="SwapnilsMacBookPro-3.local" time="33.524">
  <properties/>
  <testcase name="multiple resetSplash calls should work correctly" classname="com.utility.expensetracker.feature.splash.presentation.SplashViewModelTest" time="3.08"/>
  <testcase name="when splash timer completes naturally, then state becomes complete with full progress" classname="com.utility.expensetracker.feature.splash.presentation.SplashViewModelTest" time="3.002"/>
  <testcase name="configureSplashDuration with negative duration should be handled gracefully" classname="com.utility.expensetracker.feature.splash.presentation.SplashViewModelTest" time="0.001"/>
  <testcase name="when advancing time incrementally, then progress increases monotonically" classname="com.utility.expensetracker.feature.splash.presentation.SplashViewModelTest" time="3.002"/>
  <testcase name="initial state should be loading with zero progress" classname="com.utility.expensetracker.feature.splash.presentation.SplashViewModelTest" time="3.002"/>
  <testcase name="when splash timer starts, then animation progress increases over time" classname="com.utility.expensetracker.feature.splash.presentation.SplashViewModelTest" time="3.001"/>
  <testcase name="when splash completes manually before timer, then timer should not override state" classname="com.utility.expensetracker.feature.splash.presentation.SplashViewModelTest" time="5.002"/>
  <testcase name="when configureSplashDuration is called, then future cycles use new duration" classname="com.utility.expensetracker.feature.splash.presentation.SplashViewModelTest" time="1.001"/>
  <testcase name="animation progress should never exceed 1_0" classname="com.utility.expensetracker.feature.splash.presentation.SplashViewModelTest" time="10.002"/>
  <testcase name="when completeSplash is called manually, then state becomes complete immediately" classname="com.utility.expensetracker.feature.splash.presentation.SplashViewModelTest" time="2.429">
    <skipped/>
  </testcase>
  <system-out><![CDATA[]]></system-out>
  <system-err><![CDATA[]]></system-err>
</testsuite>
